Removed Pin From Net: NetName=NetJ5_2 Pin=J12-2
Removed Pin From Net: NetName=NetJ13_1 Pin=J20-2
Removed Pin From Net: NetName=GND Pin=R5-1
Removed Pin From Net: NetName=+24 Pin=R5-2
Removed Pin From Net: NetName=+24 Pin=R7-2
Removed Pin From Net: NetName=GND Pin=SW1-B1
Removed Pin From Net: NetName=GND Pin=SW1-B2
Removed Member From Class: ClassName=ECU_Dummy Member=J12
Removed Member From Class: ClassName=ECU_Dummy Member=J20
Added Pin To Net: NetName=NetJ5_2 Pin=R5-1
Added Pin To Net: NetName=GND Pin=R5-2
Added Pin To Net: NetName=NetJ13_1 Pin=R7-2
Added Pin To Net: NetName=NetJ5_2 Pin=SW1-A1
Added Pin To Net: NetName=NetJ5_2 Pin=SW1-A2
Added Pin To Net: NetName=+24 Pin=SW1-B1
Added Pin To Net: NetName=+24 Pin=SW1-B2
Added Pin To Net: NetName=NetJ13_1 Pin=SW2-A1
Added Pin To Net: NetName=NetJ13_1 Pin=SW2-A2
Added Pin To Net: NetName=+24 Pin=SW2-B1
Added Pin To Net: NetName=+24 Pin=SW2-B2
