Added Pin To Net: NetName=AGND Pin=C301-2
Added Pin To Net: NetName=AGND Pin=C302-2
Added Pin To Net: NetName=AGND Pin=C303-2
Added Pin To Net: NetName=AGND Pin=C304-2
Added Pin To Net: NetName=AGND Pin=C305-2
Added Pin To Net: NetName=AGND Pin=J2-10
Added Pin To Net: NetName=AGND Pin=J3-4
Added Pin To Net: NetName=AGND Pin=J4-6
Added Pin To Net: NetName=AGND Pin=MH1-1
Added Pin To Net: NetName=AGND Pin=MH2-1
Added Pin To Net: NetName=AGND Pin=MH3-1
Added Pin To Net: NetName=AGND Pin=MH4-1
Added Pin To Net: NetName=AGND Pin=MH5-1
Added Pin To Net: NetName=AGND Pin=MH6-1
Added Pin To Net: NetName=AGND Pin=MH7-1
Added Pin To Net: NetName=AGND Pin=MH8-1
Added Pin To Net: NetName=AGND Pin=Q301-E
Added Pin To Net: NetName=AGND Pin=Q302-E
Added Pin To Net: NetName=AGND Pin=Q303-E
Added Pin To Net: NetName=AGND Pin=R308-1
Added Pin To Net: NetName=AGND Pin=R310-1
