Removed Pin From Net: NetName=AGND Pin=C301-2
Removed Pin From Net: NetName=AGND Pin=C302-2
Removed Pin From Net: NetName=AGND Pin=C303-2
Removed Pin From Net: NetName=AGND Pin=C304-2
Removed Pin From Net: NetName=AGND Pin=C305-2
Removed Pin From Net: NetName=AGND Pin=J2-10
Removed Pin From Net: NetName=AGND Pin=J3-4
Removed Pin From Net: NetName=AGND Pin=J4-6
Removed Pin From Net: NetName=AGND Pin=J102-27
Removed Pin From Net: NetName=AGND Pin=J103-24
Removed Pin From Net: NetName=AGND Pin=MH1-1
Removed Pin From Net: NetName=AGND Pin=MH2-1
Removed Pin From Net: NetName=AGND Pin=MH3-1
Removed Pin From Net: NetName=AGND Pin=MH4-1
Removed Pin From Net: NetName=AGND Pin=MH5-1
Removed Pin From Net: NetName=AGND Pin=MH6-1
Removed Pin From Net: NetName=AGND Pin=MH7-1
Removed Pin From Net: NetName=AGND Pin=MH8-1
Removed Pin From Net: NetName=AGND Pin=Q301-E
Removed Pin From Net: NetName=AGND Pin=Q302-E
Removed Pin From Net: NetName=AGND Pin=Q303-E
Removed Pin From Net: NetName=AGND Pin=R308-1
Removed Pin From Net: NetName=AGND Pin=R310-1
Added Pin To Net: NetName=GND Pin=C301-2
Added Pin To Net: NetName=GND Pin=C302-2
Added Pin To Net: NetName=GND Pin=C303-2
Added Pin To Net: NetName=GND Pin=C304-2
Added Pin To Net: NetName=GND Pin=C305-2
Added Pin To Net: NetName=GND Pin=J2-10
Added Pin To Net: NetName=GND Pin=J3-4
Added Pin To Net: NetName=GND Pin=J4-6
Added Pin To Net: NetName=GND Pin=J102-27
Added Pin To Net: NetName=GND Pin=J103-24
Added Pin To Net: NetName=GND Pin=MH1-1
Added Pin To Net: NetName=GND Pin=MH2-1
Added Pin To Net: NetName=GND Pin=MH3-1
Added Pin To Net: NetName=GND Pin=MH4-1
Added Pin To Net: NetName=GND Pin=MH5-1
Added Pin To Net: NetName=GND Pin=MH6-1
Added Pin To Net: NetName=GND Pin=MH7-1
Added Pin To Net: NetName=GND Pin=MH8-1
Added Pin To Net: NetName=GND Pin=Q301-E
Added Pin To Net: NetName=GND Pin=Q302-E
Added Pin To Net: NetName=GND Pin=Q303-E
Added Pin To Net: NetName=GND Pin=R308-1
Added Pin To Net: NetName=GND Pin=R310-1
Added Net: Name=GND
