Removed Pin From Net: NetName=CAN2_H Pin=J1-1
Removed Pin From Net: NetName=APPS1_s Pin=J1-2
Removed Pin From Net: NetName=APPS2_s Pin=J1-3
Removed Pin From Net: NetName=Brake_s Pin=J1-4
Removed Pin From Net: NetName=Steering_s Pin=J1-5
Removed Pin From Net: NetName=SuspeFL_s Pin=J1-6
Removed Pin From Net: NetName=SuspeFR_s Pin=J1-7
Removed Pin From Net: NetName=LV+in Pin=J1-8
Removed Pin From Net: NetName=GND Pin=J1-9
Removed Pin From Net: NetName=+5 Pin=J1-10
Removed Pin From Net: NetName=AUX3_s Pin=J1-13
Removed Pin From Net: NetName=AUX2_s Pin=J1-14
Removed Pin From Net: NetName=AUX1_s Pin=J1-15
Removed Pin From Net: NetName=CAN2_L Pin=J1-16
Change Component Designator: OldDesignator=J1 NewDesignator=J*
Added Pin To Net: NetName=GND Pin=J*-1
Added Pin To Net: NetName=+5 Pin=J*-2
Added Pin To Net: NetName=AUX3_s Pin=J*-5
Added Pin To Net: NetName=AUX2_s Pin=J*-6
Added Pin To Net: NetName=AUX1_s Pin=J*-7
Added Pin To Net: NetName=CAN2_L Pin=J*-8
Added Pin To Net: NetName=CAN2_H Pin=J*-9
Added Pin To Net: NetName=APPS1_s Pin=J*-10
Added Pin To Net: NetName=APPS2_s Pin=J*-11
Added Pin To Net: NetName=Brake_s Pin=J*-12
Added Pin To Net: NetName=Steering_s Pin=J*-13
Added Pin To Net: NetName=SuspeFL_s Pin=J*-14
Added Pin To Net: NetName=SuspeFR_s Pin=J*-15
Added Pin To Net: NetName=LV+in Pin=J*-16
