Removed Pin From Net: NetName=+5 Pin=F1-2
Removed Pin From Net: NetName=+5 Pin=F2-2
Removed Pin From Net: NetName=+5 Pin=F3-2
Removed Pin From Net: NetName=S1 Pin=J1-1
Removed Pin From Net: NetName=S2 Pin=J1-2
Removed Pin From Net: NetName=S3 Pin=J1-3
Removed Pin From Net: NetName=S4 Pin=J1-4
Removed Pin From Net: NetName=S5 Pin=J1-5
Removed Pin From Net: NetName=S6 Pin=J1-6
Removed Pin From Net: NetName=AGND Pin=J1-10
Removed Pin From Net: NetName=AGND Pin=J1-11
Removed Pin From Net: NetName=AGND Pin=J1-12
Added Pin To Net: NetName=+5 Pin=F1-1
Added Pin To Net: NetName=+5 Pin=F2-1
Added Pin To Net: NetName=+5 Pin=F3-1
Added Pin To Net: NetName=AGND Pin=J1-4
Added Pin To Net: NetName=AGND Pin=J1-5
Added Pin To Net: NetName=AGND Pin=J1-6
Added Pin To Net: NetName=S1 Pin=J1-7
Added Pin To Net: NetName=S2 Pin=J1-8
Added Pin To Net: NetName=S3 Pin=J1-9
Added Pin To Net: NetName=S4 Pin=J1-10
Added Pin To Net: NetName=S5 Pin=J1-11
Added Pin To Net: NetName=S6 Pin=J1-12
Added Pin To Net: NetName=NetF1_2 Pin=F1-2
Added Pin To Net: NetName=NetF1_2 Pin=J1-1
Added Net: Name=NetF1_2
Added Pin To Net: NetName=NetF2_2 Pin=F2-2
Added Pin To Net: NetName=NetF2_2 Pin=J1-2
Added Net: Name=NetF2_2
Added Pin To Net: NetName=NetF3_2 Pin=F3-2
Added Pin To Net: NetName=NetF3_2 Pin=J1-3
Added Net: Name=NetF3_2
Added Member To Class: ClassName=ETRX_FECU Member=Component J1 1053101112
