Add Pin To Net: Unknown Pin: Pin U*-3V3_1
Add Pin To Net: Unknown Pin: Pin U*-3V3_2
Add Pin To Net: Unknown Pin: Pin U*-3V3_3
Add Pin To Net: Unknown Pin: Pin U*-3V3_4
Add Pin To Net: Unknown Pin: Pin U*-3V3_5
Add Pin To Net: Unknown Pin: Pin U*-3V3_6
Add Pin To Net: Unknown Pin: Pin U*-3V3_7
Add Pin To Net: Unknown Pin: Pin U*-3V3_8
Add Pin To Net: Unknown Pin: Pin U*-5V_1
Add Pin To Net: Unknown Pin: Pin U*-5V_2
Add Pin To Net: Unknown Pin: Pin U*-5V_3
Add Pin To Net: Unknown Pin: Pin U*-5V_4
Add Pin To Net: Unknown Pin: Pin U*-5V_5
Add Pin To Net: Unknown Pin: Pin U*-5V_6
Add Pin To Net: Unknown Pin: Pin U*-5V_7
Add Pin To Net: Unknown Pin: Pin U*-GND_1
Add Pin To Net: Unknown Pin: Pin U*-GND_2
Add Pin To Net: Unknown Pin: Pin U*-GND_3
Add Pin To Net: Unknown Pin: Pin U*-GND_4
Add Pin To Net: Unknown Pin: Pin U*-GND_5
Add Pin To Net: Unknown Pin: Pin U*-GND_6
Add Pin To Net: Unknown Pin: Pin U*-GND_7
Add Pin To Net: Unknown Pin: Pin U*-GND_8
Add Pin To Net: Unknown Pin: Pin U*-GND_9
Add Pin To Net: Unknown Pin: Pin U*-GND_10
Add Pin To Net: Unknown Pin: Pin U*-GND_11
Add Pin To Net: Unknown Pin: Pin U*-LVtr_1
Add Pin To Net: Unknown Pin: Pin U*-LVtr_2
Add Pin To Net: Unknown Pin: Pin U*-LVtr_3
Add Pin To Net: Unknown Pin: Pin U*-LVtr_4
Add Pin To Net: Unknown Pin: Pin U*-PA0
Add Pin To Net: Unknown Pin: Pin U*-PA1
Add Pin To Net: Unknown Pin: Pin U*-PA2
Add Pin To Net: Unknown Pin: Pin U*-PA5
Add Pin To Net: Unknown Pin: Pin U*-PA6
Add Pin To Net: Unknown Pin: Pin U*-PA7
Add Pin To Net: Unknown Pin: Pin U*-PA8
Add Pin To Net: Unknown Pin: Pin U*-PB1
Add Pin To Net: Unknown Pin: Pin U*-PB2
Add Pin To Net: Unknown Pin: Pin U*-PB6
Add Pin To Net: Unknown Pin: Pin U*-PB7
Add Pin To Net: Unknown Pin: Pin U*-PB10
Add Pin To Net: Unknown Pin: Pin U*-PB11
Add Pin To Net: Unknown Pin: Pin U*-PC1
Add Pin To Net: Unknown Pin: Pin U*-PC2
Add Pin To Net: Unknown Pin: Pin U*-PC3
Add Pin To Net: Unknown Pin: Pin U*-PC6
Add Pin To Net: Unknown Pin: Pin U*-PC7
Add Pin To Net: Unknown Pin: Pin U*-PC8
Add Pin To Net: Unknown Pin: Pin U*-PC9
Add Pin To Net: Unknown Pin: Pin U*-PD8
Add Pin To Net: Unknown Pin: Pin U*-PD9
Add Pin To Net: Unknown Pin: Pin U*-PD10
Add Pin To Net: Unknown Pin: Pin U*-PD15
Add Pin To Net: Unknown Pin: Pin U*-PE7
Add Pin To Net: Unknown Pin: Pin U*-PE8
Add Pin To Net: Unknown Pin: Pin U*-PE9
Add Pin To Net: Unknown Pin: Pin U*-PE10
Add Class Member: Failed to add class member : Component U* ETR_SHIELD_III
